<testsuites id="" name="" tests="1" failures="0" skipped="0" errors="0" time="23.077107">
<testsuite name="holoworldai.spec.ts" timestamp="2024-03-10T10:33:50.579Z" hostname="mmi" tests="1" failures="0" skipped="0" time="22.854" errors="0">
<testcase name="sign in and connect dapp › [starrynift.art] _ 0x93F61Aa246Ad71ed28868aAaF4D54C92CD97e668" classname="holoworldai.spec.ts" time="22.854">
<system-out>
<![CDATA[
[[ATTACHMENT|../test-artifacts/holoworldai-sign-in-and-connect-dapp-starrynift-art-0x93F61Aa246Ad71ed28868aAaF4D54C92CD97e668-mmi/test-finished-1.png]]

[[ATTACHMENT|../test-artifacts/holoworldai-sign-in-and-connect-dapp-starrynift-art-0x93F61Aa246Ad71ed28868aAaF4D54C92CD97e668-mmi/test-finished-3.png]]

[[ATTACHMENT|../test-artifacts/holoworldai-sign-in-and-connect-dapp-starrynift-art-0x93F61Aa246Ad71ed28868aAaF4D54C92CD97e668-mmi/test-finished-2.png]]

[[ATTACHMENT|../test-artifacts/holoworldai-sign-in-and-connect-dapp-starrynift-art-0x93F61Aa246Ad71ed28868aAaF4D54C92CD97e668-mmi/trace.zip]]
]]>
</system-out>
</testcase>
</testsuite>
</testsuites>